18:48:23 **** Incremental Build of configuration Debug for project matrix_mult_mpi ****
make all 
Building file: ../src/matrix_mult_mpi.cpp
Invoking: GCC C++ Compiler
mpic++ -std=c++0x -O0 -g3 -Wall -c -fmessage-length=0 -MMD -MP -MF"src/matrix_mult_mpi.d" -MT"src/matrix_mult_mpi.o" -o "src/matrix_mult_mpi.o" "../src/matrix_mult_mpi.cpp"
Finished building: ../src/matrix_mult_mpi.cpp
 
Building target: matrix_mult_mpi
Invoking: GCC C++ Linker
mpic++  -o "matrix_mult_mpi"  ./src/matrix_mult_mpi.o   
Finished building target: matrix_mult_mpi
 
19:08:07 **** Incremental Build of configuration Debug for project matrix_mult_mpi ****
make all 
Building file: ../src/matrix_mult_mpi.cpp
Invoking: GCC C++ Compiler
mpic++ -std=c++0x -O0 -g3 -Wall -c -fmessage-length=0 -MMD -MP -MF"src/matrix_mult_mpi.d" -MT"src/matrix_mult_mpi.o" -o "src/matrix_mult_mpi.o" "../src/matrix_mult_mpi.cpp"
Finished building: ../src/matrix_mult_mpi.cpp
 
Building target: matrix_mult_mpi
Invoking: GCC C++ Linker
mpic++  -o "matrix_mult_mpi"  ./src/matrix_mult_mpi.o   
Finished building target: matrix_mult_mpi
 
19:27:19 **** Incremental Build of configuration Debug for project matrix_mult_mpi ****
make all 
Building file: ../src/matrix_mult_mpi.cpp
Invoking: GCC C++ Compiler
mpic++ -std=c++0x -O0 -g3 -Wall -c -fmessage-length=0 -MMD -MP -MF"src/matrix_mult_mpi.d" -MT"src/matrix_mult_mpi.o" -o "src/matrix_mult_mpi.o" "../src/matrix_mult_mpi.cpp"
Finished building: ../src/matrix_mult_mpi.cpp
 
Building target: matrix_mult_mpi
Invoking: GCC C++ Linker
mpic++  -o "matrix_mult_mpi"  ./src/matrix_mult_mpi.o   
Finished building target: matrix_mult_mpi
 
